2024/06/23 23:42:53.383 [INFO] ServiceTaskWorker running at: 06/23/2024 23:42:53 +08:00 

2024/06/23 23:42:53.431 [INFO] Start processing HTTP request GET http://127.0.0.1:8034/engine-rest/external-task 

2024/06/23 23:42:53.436 [INFO] Sending HTTP request GET http://127.0.0.1:8034/engine-rest/external-task 

2024/06/23 23:42:53.475 [INFO] Application started. Press Ctrl+C to shut down. 

2024/06/23 23:42:53.475 [INFO] Hosting environment: Development 

2024/06/23 23:42:53.475 [INFO] Content root path: C:\Project\Local\jyu.demo.BPMN\Sample\jyu.demo.SampleServiceTaskWorker 

2024/06/23 23:42:53.493 [INFO] Received HTTP response headers after 49.6398ms - 200 

2024/06/23 23:42:53.493 [INFO] End processing HTTP request after 72.7231ms - 200 

2024/06/23 23:42:53.523 [INFO] [ServiceTask1]當前有需執行Service Task，待處理筆數1。 

2024/06/23 23:42:53.523 [INFO] Service Task Id：16eae497-3172-11ef-95cd-7e0d598a4721(ServiceTask1), 執行鎖定和指派對應Work服務：ServiceTask1 

2024/06/23 23:42:53.523 [INFO] [ServiceTask2]當前無需執行Service Task。 

2024/06/23 23:42:58.539 [INFO] ServiceTaskWorker running at: 06/23/2024 23:42:58 +08:00 

2024/06/23 23:42:58.539 [INFO] Start processing HTTP request GET http://127.0.0.1:8034/engine-rest/external-task 

2024/06/23 23:42:58.539 [INFO] Sending HTTP request GET http://127.0.0.1:8034/engine-rest/external-task 

2024/06/23 23:42:58.548 [INFO] Received HTTP response headers after 6.662ms - 200 

2024/06/23 23:42:58.548 [INFO] End processing HTTP request after 8.2751ms - 200 

2024/06/23 23:42:58.548 [INFO] [ServiceTask1]當前有需執行Service Task，待處理筆數1。 

2024/06/23 23:42:58.548 [INFO] Service Task Id：16eae497-3172-11ef-95cd-7e0d598a4721(ServiceTask1), 執行鎖定和指派對應Work服務：ServiceTask1 

2024/06/23 23:42:58.548 [INFO] [ServiceTask2]當前無需執行Service Task。 

2024/06/23 23:43:03.554 [INFO] ServiceTaskWorker running at: 06/23/2024 23:43:03 +08:00 

2024/06/23 23:43:03.554 [INFO] Start processing HTTP request GET http://127.0.0.1:8034/engine-rest/external-task 

2024/06/23 23:43:03.554 [INFO] Sending HTTP request GET http://127.0.0.1:8034/engine-rest/external-task 

2024/06/23 23:43:03.569 [INFO] Received HTTP response headers after 13.3768ms - 200 

2024/06/23 23:43:03.569 [INFO] End processing HTTP request after 14.7136ms - 200 

2024/06/23 23:43:03.569 [INFO] [ServiceTask1]當前有需執行Service Task，待處理筆數1。 

2024/06/23 23:43:03.569 [INFO] Service Task Id：16eae497-3172-11ef-95cd-7e0d598a4721(ServiceTask1), 執行鎖定和指派對應Work服務：ServiceTask1 

2024/06/23 23:43:03.569 [INFO] [ServiceTask2]當前無需執行Service Task。 

2024/06/23 23:43:08.582 [INFO] ServiceTaskWorker running at: 06/23/2024 23:43:08 +08:00 

2024/06/23 23:43:08.582 [INFO] Start processing HTTP request GET http://127.0.0.1:8034/engine-rest/external-task 

2024/06/23 23:43:08.582 [INFO] Sending HTTP request GET http://127.0.0.1:8034/engine-rest/external-task 

2024/06/23 23:43:08.582 [INFO] Received HTTP response headers after 5.8565ms - 200 

2024/06/23 23:43:08.582 [INFO] End processing HTTP request after 6.6611ms - 200 

2024/06/23 23:43:08.582 [INFO] [ServiceTask1]當前有需執行Service Task，待處理筆數1。 

2024/06/23 23:43:08.582 [INFO] Service Task Id：16eae497-3172-11ef-95cd-7e0d598a4721(ServiceTask1), 執行鎖定和指派對應Work服務：ServiceTask1 

2024/06/23 23:43:08.582 [INFO] [ServiceTask2]當前無需執行Service Task。 

2024/06/23 23:43:13.124 [INFO] Application is shutting down... 

2024/06/23 23:46:49.968 [INFO] ServiceTaskWorker running at: 06/23/2024 23:46:49 +08:00 

2024/06/23 23:46:50.086 [INFO] Start processing HTTP request GET http://127.0.0.1:8034/engine-rest/external-task 

2024/06/23 23:46:50.092 [INFO] Sending HTTP request GET http://127.0.0.1:8034/engine-rest/external-task 

2024/06/23 23:46:50.139 [INFO] Application started. Press Ctrl+C to shut down. 

2024/06/23 23:46:50.139 [INFO] Hosting environment: Development 

2024/06/23 23:46:50.139 [INFO] Content root path: C:\Project\Local\jyu.demo.BPMN\Sample\jyu.demo.SampleServiceTaskWorker 

2024/06/23 23:46:50.155 [INFO] Received HTTP response headers after 56.1092ms - 200 

2024/06/23 23:46:50.155 [INFO] End processing HTTP request after 79.0789ms - 200 

2024/06/23 23:46:50.189 [INFO] [ServiceTask1]當前有需執行Service Task，待處理筆數1。 

2024/06/23 23:46:50.189 [INFO] Service Task Id：16eae497-3172-11ef-95cd-7e0d598a4721(ServiceTask1), 執行鎖定和指派對應Work服務：ServiceTask1 

2024/06/23 23:46:50.189 [INFO] [ServiceTask2]當前無需執行Service Task。 

2024/06/23 23:46:55.201 [INFO] ServiceTaskWorker running at: 06/23/2024 23:46:55 +08:00 

2024/06/23 23:46:55.201 [INFO] Start processing HTTP request GET http://127.0.0.1:8034/engine-rest/external-task 

2024/06/23 23:46:55.201 [INFO] Sending HTTP request GET http://127.0.0.1:8034/engine-rest/external-task 

2024/06/23 23:46:55.201 [INFO] Received HTTP response headers after 6.9676ms - 200 

2024/06/23 23:46:55.201 [INFO] End processing HTTP request after 8.6933ms - 200 

2024/06/23 23:46:55.201 [INFO] [ServiceTask1]當前有需執行Service Task，待處理筆數1。 

2024/06/23 23:46:55.201 [INFO] Service Task Id：16eae497-3172-11ef-95cd-7e0d598a4721(ServiceTask1), 執行鎖定和指派對應Work服務：ServiceTask1 

2024/06/23 23:46:55.201 [INFO] [ServiceTask2]當前無需執行Service Task。 

2024/06/23 23:47:00.215 [INFO] ServiceTaskWorker running at: 06/23/2024 23:47:00 +08:00 

2024/06/23 23:47:00.215 [INFO] Start processing HTTP request GET http://127.0.0.1:8034/engine-rest/external-task 

2024/06/23 23:47:00.215 [INFO] Sending HTTP request GET http://127.0.0.1:8034/engine-rest/external-task 

2024/06/23 23:47:00.215 [INFO] Received HTTP response headers after 3.7611ms - 200 

2024/06/23 23:47:00.215 [INFO] End processing HTTP request after 5.1635ms - 200 

2024/06/23 23:47:00.215 [INFO] [ServiceTask1]當前有需執行Service Task，待處理筆數1。 

2024/06/23 23:47:00.215 [INFO] Service Task Id：16eae497-3172-11ef-95cd-7e0d598a4721(ServiceTask1), 執行鎖定和指派對應Work服務：ServiceTask1 

2024/06/23 23:47:00.215 [INFO] [ServiceTask2]當前無需執行Service Task。 

2024/06/23 23:47:01.390 [INFO] Application is shutting down... 

